2026-05-19 00:55:22,808 - twister - INFO - Using Ninja..
2026-05-19 00:55:22,958 - twister - INFO - Zephyr version: v4.2.0
2026-05-19 00:55:22,964 - twister - DEBUG - Running cmake script /home/julian/z_wksp/deps/zephyr/cmake/verify-toolchain.cmake
2026-05-19 00:55:22,967 - twister - DEBUG - Calling cmake: /usr/bin/cmake -DFORMAT=json -P /home/julian/z_wksp/deps/zephyr/cmake/verify-toolchain.cmake
2026-05-19 00:55:25,177 - twister - DEBUG - Finished running /home/julian/z_wksp/deps/zephyr/cmake/verify-toolchain.cmake
2026-05-19 00:55:25,178 - twister - INFO - Using 'zephyr' toolchain.
2026-05-19 00:55:27,464 - twister - DEBUG - Reading testsuite configuration files under /home/julian/z_wksp/zephyr-course/tests/ring_buf...
2026-05-19 00:55:27,464 - twister - DEBUG - Found possible testsuite in /home/julian/z_wksp/zephyr-course/tests/ring_buf
2026-05-19 00:55:27,467 - twister - DEBUG - No duplicates found.
2026-05-19 00:55:27,467 - twister - DEBUG - platform filter: ['native_sim']
2026-05-19 00:55:27,467 - twister - DEBUG -   vendor filter: []
2026-05-19 00:55:27,467 - twister - DEBUG -     arch_filter: None
2026-05-19 00:55:27,467 - twister - DEBUG -      tag_filter: None
2026-05-19 00:55:27,467 - twister - DEBUG -     exclude_tag: None
2026-05-19 00:55:27,467 - twister - DEBUG - Checking platform filter: ['native_sim']
2026-05-19 00:55:27,467 - twister - INFO - Building initial testsuite list...
2026-05-19 00:55:27,468 - twister - INFO - Writing JSON report /home/julian/z_wksp/zephyr-course/twister-out/testplan.json
2026-05-19 00:55:27,485 - twister - INFO - JOBS: 16
2026-05-19 00:55:27,485 - twister - INFO - Adding tasks to the queue...
2026-05-19 00:55:27,485 - twister - DEBUG - adding native_sim/native/host/homework.unit.ring_buf
2026-05-19 00:55:27,487 - twister - INFO - Added initial list of jobs to queue
2026-05-19 00:55:27,501 - twister - DEBUG - Running cmake on /home/julian/z_wksp/zephyr-course/tests/ring_buf for native_sim/native
2026-05-19 00:55:27,503 - twister - DEBUG - Launched 16 jobs
2026-05-19 00:55:27,505 - twister - DEBUG - Calling cmake: /usr/bin/cmake -B/home/julian/z_wksp/zephyr-course/twister-out/native_sim_native/host/homework.unit.ring_buf -DTC_RUNID=9f9ffa52546b9e7646e53f9d05413264 -DTC_NAME=homework.unit.ring_buf -DCONFIG_COMPILER_WARNINGS_AS_ERRORS=y -DEXTRA_GEN_EDT_ARGS=--edtlib-Werror -GNinja -DPython3_EXECUTABLE=/home/julian/z_wksp/.venv/bin/python3 -DZEPHYR_TOOLCHAIN_VARIANT=host -S/home/julian/z_wksp/zephyr-course/tests/ring_buf -DOVERLAY_CONFIG=/home/julian/z_wksp/zephyr-course/twister-out/native_sim_native/host/homework.unit.ring_buf/twister/testsuite_extra.conf -DBOARD=native_sim/native
2026-05-19 00:55:37,649 - twister - DEBUG - Finished running cmake /home/julian/z_wksp/zephyr-course/tests/ring_buf for native_sim/native in 10.14 seconds
2026-05-19 00:55:37,651 - twister - DEBUG - build test: native_sim/native/host/homework.unit.ring_buf
2026-05-19 00:55:37,651 - twister - DEBUG - Building /home/julian/z_wksp/zephyr-course/tests/ring_buf for native_sim/native
2026-05-19 00:55:37,657 - twister - DEBUG - Running /usr/bin/cmake --build /home/julian/z_wksp/zephyr-course/twister-out/native_sim_native/host/homework.unit.ring_buf
2026-05-19 00:55:41,234 - twister - DEBUG - Finished building /home/julian/z_wksp/zephyr-course/tests/ring_buf for native_sim/native in 3.58 seconds
2026-05-19 00:55:41,234 - twister - DEBUG - Determine test cases for test instance: native_sim/native/host/homework.unit.ring_buf
2026-05-19 00:55:41,234 - twister - DEBUG - Determine test cases for test suite: homework.unit.ring_buf
2026-05-19 00:55:41,392 - twister - DEBUG - Test instance native_sim/native/host/homework.unit.ring_buf already has 8 testcase(s) known: [<TestCase homework.unit.ring_buf.ring_buf_boundaries.pop_null_returns_einval with None>, <TestCase homework.unit.ring_buf.ring_buf_init.reinit_clears_state with None>, <TestCase homework.unit.ring_buf.ring_buf_push_pop.push_full_returns_enospc with None>, <TestCase homework.unit.ring_buf.ring_buf_push_pop.single_push_pop with None>, <TestCase homework.unit.ring_buf.ring_buf_boundaries.is_full_after_fill with None>, <TestCase homework.unit.ring_buf.ring_buf_push_pop.fifo_order with None>, <TestCase homework.unit.ring_buf.ring_buf_init.fresh_state with None>, <TestCase homework.unit.ring_buf.ring_buf_boundaries.peek_does_not_consume with None>]
2026-05-19 00:55:41,392 - twister - DEBUG - Detected 8 Ztest case(s): [homework.unit.ring_buf.ring_buf_init.fresh_state, homework.unit.ring_buf.ring_buf_init.reinit_clears_state, homework.unit.ring_buf.ring_buf_push_pop.single_push_pop, homework.unit.ring_buf.ring_buf_push_pop.fifo_order, homework.unit.ring_buf.ring_buf_push_pop.push_full_returns_enospc, homework.unit.ring_buf.ring_buf_boundaries.peek_does_not_consume, homework.unit.ring_buf.ring_buf_boundaries.pop_null_returns_einval, homework.unit.ring_buf.ring_buf_boundaries.is_full_after_fill] in /home/julian/z_wksp/zephyr-course/twister-out/native_sim_native/host/homework.unit.ring_buf/zephyr/zephyr.elf
2026-05-19 00:55:41,395 - twister - DEBUG - run test: native_sim/native/host/homework.unit.ring_buf
2026-05-19 00:55:41,395 - twister - DEBUG - Reset instance status from 'passed' to None before run.
2026-05-19 00:55:41,395 - twister - DEBUG - Spawning process: /home/julian/z_wksp/zephyr-course/twister-out/native_sim_native/host/homework.unit.ring_buf/zephyr/zephyr.exe
in directory: /home/julian/z_wksp/zephyr-course/twister-out/native_sim_native/host/homework.unit.ring_buf
2026-05-19 00:55:41,396 - twister - DEBUG - Spawning BinaryHandler Thread for native_sim/native/host/homework.unit.ring_buf
2026-05-19 00:55:41,402 - twister - DEBUG - OUTPUT: *** Booting Zephyr OS build v4.2.0 ***
2026-05-19 00:55:41,403 - twister - DEBUG - OUTPUT: Running TESTSUITE ring_buf_boundaries
2026-05-19 00:55:41,403 - twister - DEBUG - OUTPUT: ===================================================================
2026-05-19 00:55:41,404 - twister - DEBUG - OUTPUT: START - test_pop_null_returns_einval
2026-05-19 00:55:41,404 - twister - DEBUG - OUTPUT: [00:00:00.000,000] [1;31m<err> ring_buf: value pointer is NULL[0m
2026-05-19 00:55:41,404 - twister - DEBUG - OUTPUT:  PASS - test_pop_null_returns_einval in 0.000 seconds
2026-05-19 00:55:41,404 - twister - DEBUG - OUTPUT: ===================================================================
2026-05-19 00:55:41,404 - twister - DEBUG - OUTPUT: START - test_is_full_after_fill
2026-05-19 00:55:41,405 - twister - DEBUG - OUTPUT:  PASS - test_is_full_after_fill in 0.000 seconds
2026-05-19 00:55:41,405 - twister - DEBUG - OUTPUT: ===================================================================
2026-05-19 00:55:41,405 - twister - DEBUG - OUTPUT: START - test_peek_does_not_consume
2026-05-19 00:55:41,405 - twister - DEBUG - OUTPUT:  PASS - test_peek_does_not_consume in 0.000 seconds
2026-05-19 00:55:41,406 - twister - DEBUG - OUTPUT: ===================================================================
2026-05-19 00:55:41,406 - twister - DEBUG - OUTPUT: START - test_peek_does_not_consume
2026-05-19 00:55:41,406 - twister - DEBUG - OUTPUT:  PASS - test_peek_does_not_consume in 0.000 seconds
2026-05-19 00:55:41,406 - twister - DEBUG - OUTPUT: ===================================================================
2026-05-19 00:55:41,406 - twister - DEBUG - OUTPUT: START - test_is_full_after_fill
2026-05-19 00:55:41,406 - twister - DEBUG - OUTPUT:  PASS - test_is_full_after_fill in 0.000 seconds
2026-05-19 00:55:41,407 - twister - DEBUG - OUTPUT: ===================================================================
2026-05-19 00:55:41,407 - twister - DEBUG - OUTPUT: START - test_pop_null_returns_einval
2026-05-19 00:55:41,407 - twister - DEBUG - OUTPUT: [00:00:00.000,000] [1;31m<err> ring_buf: value pointer is NULL[0m
2026-05-19 00:55:41,407 - twister - DEBUG - OUTPUT:  PASS - test_pop_null_returns_einval in 0.000 seconds
2026-05-19 00:55:41,407 - twister - DEBUG - OUTPUT: ===================================================================
2026-05-19 00:55:41,408 - twister - DEBUG - OUTPUT: START - test_peek_does_not_consume
2026-05-19 00:55:41,408 - twister - DEBUG - OUTPUT:  PASS - test_peek_does_not_consume in 0.000 seconds
2026-05-19 00:55:41,408 - twister - DEBUG - OUTPUT: ===================================================================
2026-05-19 00:55:41,408 - twister - DEBUG - OUTPUT: START - test_pop_null_returns_einval
2026-05-19 00:55:41,408 - twister - DEBUG - OUTPUT: [00:00:00.000,000] [1;31m<err> ring_buf: value pointer is NULL[0m
2026-05-19 00:55:41,409 - twister - DEBUG - OUTPUT:  PASS - test_pop_null_returns_einval in 0.000 seconds
2026-05-19 00:55:41,409 - twister - DEBUG - OUTPUT: ===================================================================
2026-05-19 00:55:41,409 - twister - DEBUG - OUTPUT: START - test_is_full_after_fill
2026-05-19 00:55:41,409 - twister - DEBUG - OUTPUT:  PASS - test_is_full_after_fill in 0.000 seconds
2026-05-19 00:55:41,409 - twister - DEBUG - OUTPUT: ===================================================================
2026-05-19 00:55:41,409 - twister - DEBUG - OUTPUT: TESTSUITE ring_buf_boundaries succeeded
2026-05-19 00:55:41,410 - twister - DEBUG - OUTPUT: Running TESTSUITE ring_buf_boundaries
2026-05-19 00:55:41,410 - twister - DEBUG - OUTPUT: ===================================================================
2026-05-19 00:55:41,410 - twister - DEBUG - OUTPUT: START - test_peek_does_not_consume
2026-05-19 00:55:41,410 - twister - DEBUG - OUTPUT:  PASS - test_peek_does_not_consume in 0.000 seconds
2026-05-19 00:55:41,410 - twister - DEBUG - OUTPUT: ===================================================================
2026-05-19 00:55:41,410 - twister - DEBUG - OUTPUT: START - test_is_full_after_fill
2026-05-19 00:55:41,411 - twister - DEBUG - OUTPUT:  PASS - test_is_full_after_fill in 0.000 seconds
2026-05-19 00:55:41,411 - twister - DEBUG - OUTPUT: ===================================================================
2026-05-19 00:55:41,411 - twister - DEBUG - OUTPUT: START - test_pop_null_returns_einval
2026-05-19 00:55:41,411 - twister - DEBUG - OUTPUT: [00:00:00.000,000] [1;31m<err> ring_buf: value pointer is NULL[0m
2026-05-19 00:55:41,411 - twister - DEBUG - OUTPUT:  PASS - test_pop_null_returns_einval in 0.000 seconds
2026-05-19 00:55:41,411 - twister - DEBUG - OUTPUT: ===================================================================
2026-05-19 00:55:41,412 - twister - DEBUG - OUTPUT: START - test_peek_does_not_consume
2026-05-19 00:55:41,412 - twister - DEBUG - OUTPUT:  PASS - test_peek_does_not_consume in 0.000 seconds
2026-05-19 00:55:41,412 - twister - DEBUG - OUTPUT: ===================================================================
2026-05-19 00:55:41,412 - twister - DEBUG - OUTPUT: START - test_is_full_after_fill
2026-05-19 00:55:41,412 - twister - DEBUG - OUTPUT:  PASS - test_is_full_after_fill in 0.000 seconds
2026-05-19 00:55:41,412 - twister - DEBUG - OUTPUT: ===================================================================
2026-05-19 00:55:41,413 - twister - DEBUG - OUTPUT: START - test_pop_null_returns_einval
2026-05-19 00:55:41,413 - twister - DEBUG - OUTPUT: [00:00:00.000,000] [1;31m<err> ring_buf: value pointer is NULL[0m
2026-05-19 00:55:41,413 - twister - DEBUG - OUTPUT:  PASS - test_pop_null_returns_einval in 0.000 seconds
2026-05-19 00:55:41,413 - twister - DEBUG - OUTPUT: ===================================================================
2026-05-19 00:55:41,413 - twister - DEBUG - OUTPUT: START - test_is_full_after_fill
2026-05-19 00:55:41,413 - twister - DEBUG - OUTPUT:  PASS - test_is_full_after_fill in 0.000 seconds
2026-05-19 00:55:41,414 - twister - DEBUG - OUTPUT: ===================================================================
2026-05-19 00:55:41,414 - twister - DEBUG - OUTPUT: START - test_peek_does_not_consume
2026-05-19 00:55:41,414 - twister - DEBUG - OUTPUT:  PASS - test_peek_does_not_consume in 0.000 seconds
2026-05-19 00:55:41,414 - twister - DEBUG - OUTPUT: ===================================================================
2026-05-19 00:55:41,414 - twister - DEBUG - OUTPUT: START - test_pop_null_returns_einval
2026-05-19 00:55:41,415 - twister - DEBUG - OUTPUT: [00:00:00.000,000] [1;31m<err> ring_buf: value pointer is NULL[0m
2026-05-19 00:55:41,415 - twister - DEBUG - OUTPUT:  PASS - test_pop_null_returns_einval in 0.000 seconds
2026-05-19 00:55:41,415 - twister - DEBUG - OUTPUT: ===================================================================
2026-05-19 00:55:41,415 - twister - DEBUG - OUTPUT: TESTSUITE ring_buf_boundaries succeeded
2026-05-19 00:55:41,415 - twister - DEBUG - OUTPUT: Running TESTSUITE ring_buf_boundaries
2026-05-19 00:55:41,416 - twister - DEBUG - OUTPUT: ===================================================================
2026-05-19 00:55:41,416 - twister - DEBUG - OUTPUT: START - test_is_full_after_fill
2026-05-19 00:55:41,416 - twister - DEBUG - OUTPUT:  PASS - test_is_full_after_fill in 0.000 seconds
2026-05-19 00:55:41,416 - twister - DEBUG - OUTPUT: ===================================================================
2026-05-19 00:55:41,416 - twister - DEBUG - OUTPUT: START - test_peek_does_not_consume
2026-05-19 00:55:41,416 - twister - DEBUG - OUTPUT:  PASS - test_peek_does_not_consume in 0.000 seconds
2026-05-19 00:55:41,417 - twister - DEBUG - OUTPUT: ===================================================================
2026-05-19 00:55:41,417 - twister - DEBUG - OUTPUT: START - test_pop_null_returns_einval
2026-05-19 00:55:41,417 - twister - DEBUG - OUTPUT: [00:00:00.000,000] [1;31m<err> ring_buf: value pointer is NULL[0m
2026-05-19 00:55:41,417 - twister - DEBUG - OUTPUT:  PASS - test_pop_null_returns_einval in 0.000 seconds
2026-05-19 00:55:41,417 - twister - DEBUG - OUTPUT: ===================================================================
2026-05-19 00:55:41,418 - twister - DEBUG - OUTPUT: START - test_peek_does_not_consume
2026-05-19 00:55:41,418 - twister - DEBUG - OUTPUT:  PASS - test_peek_does_not_consume in 0.000 seconds
2026-05-19 00:55:41,418 - twister - DEBUG - OUTPUT: ===================================================================
2026-05-19 00:55:41,418 - twister - DEBUG - OUTPUT: START - test_pop_null_returns_einval
2026-05-19 00:55:41,418 - twister - DEBUG - OUTPUT: [00:00:00.000,000] [1;31m<err> ring_buf: value pointer is NULL[0m
2026-05-19 00:55:41,419 - twister - DEBUG - OUTPUT:  PASS - test_pop_null_returns_einval in 0.000 seconds
2026-05-19 00:55:41,419 - twister - DEBUG - OUTPUT: ===================================================================
2026-05-19 00:55:41,419 - twister - DEBUG - OUTPUT: START - test_is_full_after_fill
2026-05-19 00:55:41,419 - twister - DEBUG - OUTPUT:  PASS - test_is_full_after_fill in 0.000 seconds
2026-05-19 00:55:41,419 - twister - DEBUG - OUTPUT: ===================================================================
2026-05-19 00:55:41,420 - twister - DEBUG - OUTPUT: START - test_peek_does_not_consume
2026-05-19 00:55:41,420 - twister - DEBUG - OUTPUT:  PASS - test_peek_does_not_consume in 0.000 seconds
2026-05-19 00:55:41,420 - twister - DEBUG - OUTPUT: ===================================================================
2026-05-19 00:55:41,420 - twister - DEBUG - OUTPUT: START - test_pop_null_returns_einval
2026-05-19 00:55:41,420 - twister - DEBUG - OUTPUT: [00:00:00.000,000] [1;31m<err> ring_buf: value pointer is NULL[0m
2026-05-19 00:55:41,421 - twister - DEBUG - OUTPUT:  PASS - test_pop_null_returns_einval in 0.000 seconds
2026-05-19 00:55:41,421 - twister - DEBUG - OUTPUT: ===================================================================
2026-05-19 00:55:41,421 - twister - DEBUG - OUTPUT: START - test_is_full_after_fill
2026-05-19 00:55:41,421 - twister - DEBUG - OUTPUT:  PASS - test_is_full_after_fill in 0.000 seconds
2026-05-19 00:55:41,421 - twister - DEBUG - OUTPUT: ===================================================================
2026-05-19 00:55:41,421 - twister - DEBUG - OUTPUT: TESTSUITE ring_buf_boundaries succeeded
2026-05-19 00:55:41,422 - twister - DEBUG - OUTPUT: Running TESTSUITE ring_buf_init
2026-05-19 00:55:41,422 - twister - DEBUG - OUTPUT: ===================================================================
2026-05-19 00:55:41,422 - twister - DEBUG - OUTPUT: START - test_reinit_clears_state
2026-05-19 00:55:41,422 - twister - DEBUG - OUTPUT:  PASS - test_reinit_clears_state in 0.000 seconds
2026-05-19 00:55:41,422 - twister - DEBUG - OUTPUT: ===================================================================
2026-05-19 00:55:41,423 - twister - DEBUG - OUTPUT: START - test_fresh_state
2026-05-19 00:55:41,423 - twister - DEBUG - OUTPUT:  PASS - test_fresh_state in 0.000 seconds
2026-05-19 00:55:41,423 - twister - DEBUG - OUTPUT: ===================================================================
2026-05-19 00:55:41,423 - twister - DEBUG - OUTPUT: START - test_reinit_clears_state
2026-05-19 00:55:41,423 - twister - DEBUG - OUTPUT:  PASS - test_reinit_clears_state in 0.000 seconds
2026-05-19 00:55:41,424 - twister - DEBUG - OUTPUT: ===================================================================
2026-05-19 00:55:41,424 - twister - DEBUG - OUTPUT: START - test_fresh_state
2026-05-19 00:55:41,424 - twister - DEBUG - OUTPUT:  PASS - test_fresh_state in 0.000 seconds
2026-05-19 00:55:41,424 - twister - DEBUG - OUTPUT: ===================================================================
2026-05-19 00:55:41,425 - twister - DEBUG - OUTPUT: START - test_reinit_clears_state
2026-05-19 00:55:41,425 - twister - DEBUG - OUTPUT:  PASS - test_reinit_clears_state in 0.000 seconds
2026-05-19 00:55:41,425 - twister - DEBUG - OUTPUT: ===================================================================
2026-05-19 00:55:41,425 - twister - DEBUG - OUTPUT: START - test_fresh_state
2026-05-19 00:55:41,425 - twister - DEBUG - OUTPUT:  PASS - test_fresh_state in 0.000 seconds
2026-05-19 00:55:41,425 - twister - DEBUG - OUTPUT: ===================================================================
2026-05-19 00:55:41,426 - twister - DEBUG - OUTPUT: TESTSUITE ring_buf_init succeeded
2026-05-19 00:55:41,426 - twister - DEBUG - OUTPUT: Running TESTSUITE ring_buf_init
2026-05-19 00:55:41,426 - twister - DEBUG - OUTPUT: ===================================================================
2026-05-19 00:55:41,426 - twister - DEBUG - OUTPUT: START - test_fresh_state
2026-05-19 00:55:41,426 - twister - DEBUG - OUTPUT:  PASS - test_fresh_state in 0.000 seconds
2026-05-19 00:55:41,426 - twister - DEBUG - OUTPUT: ===================================================================
2026-05-19 00:55:41,427 - twister - DEBUG - OUTPUT: START - test_reinit_clears_state
2026-05-19 00:55:41,427 - twister - DEBUG - OUTPUT:  PASS - test_reinit_clears_state in 0.000 seconds
2026-05-19 00:55:41,427 - twister - DEBUG - OUTPUT: ===================================================================
2026-05-19 00:55:41,427 - twister - DEBUG - OUTPUT: START - test_fresh_state
2026-05-19 00:55:41,427 - twister - DEBUG - OUTPUT:  PASS - test_fresh_state in 0.000 seconds
2026-05-19 00:55:41,427 - twister - DEBUG - OUTPUT: ===================================================================
2026-05-19 00:55:41,428 - twister - DEBUG - OUTPUT: START - test_reinit_clears_state
2026-05-19 00:55:41,428 - twister - DEBUG - OUTPUT:  PASS - test_reinit_clears_state in 0.000 seconds
2026-05-19 00:55:41,428 - twister - DEBUG - OUTPUT: ===================================================================
2026-05-19 00:55:41,428 - twister - DEBUG - OUTPUT: START - test_reinit_clears_state
2026-05-19 00:55:41,428 - twister - DEBUG - OUTPUT:  PASS - test_reinit_clears_state in 0.000 seconds
2026-05-19 00:55:41,428 - twister - DEBUG - OUTPUT: ===================================================================
2026-05-19 00:55:41,429 - twister - DEBUG - OUTPUT: START - test_fresh_state
2026-05-19 00:55:41,429 - twister - DEBUG - OUTPUT:  PASS - test_fresh_state in 0.000 seconds
2026-05-19 00:55:41,429 - twister - DEBUG - OUTPUT: ===================================================================
2026-05-19 00:55:41,429 - twister - DEBUG - OUTPUT: TESTSUITE ring_buf_init succeeded
2026-05-19 00:55:41,429 - twister - DEBUG - OUTPUT: Running TESTSUITE ring_buf_init
2026-05-19 00:55:41,429 - twister - DEBUG - OUTPUT: ===================================================================
2026-05-19 00:55:41,430 - twister - DEBUG - OUTPUT: START - test_fresh_state
2026-05-19 00:55:41,430 - twister - DEBUG - OUTPUT:  PASS - test_fresh_state in 0.000 seconds
2026-05-19 00:55:41,430 - twister - DEBUG - OUTPUT: ===================================================================
2026-05-19 00:55:41,430 - twister - DEBUG - OUTPUT: START - test_reinit_clears_state
2026-05-19 00:55:41,430 - twister - DEBUG - OUTPUT:  PASS - test_reinit_clears_state in 0.000 seconds
2026-05-19 00:55:41,431 - twister - DEBUG - OUTPUT: ===================================================================
2026-05-19 00:55:41,431 - twister - DEBUG - OUTPUT: START - test_fresh_state
2026-05-19 00:55:41,431 - twister - DEBUG - OUTPUT:  PASS - test_fresh_state in 0.000 seconds
2026-05-19 00:55:41,431 - twister - DEBUG - OUTPUT: ===================================================================
2026-05-19 00:55:41,431 - twister - DEBUG - OUTPUT: START - test_reinit_clears_state
2026-05-19 00:55:41,432 - twister - DEBUG - OUTPUT:  PASS - test_reinit_clears_state in 0.000 seconds
2026-05-19 00:55:41,432 - twister - DEBUG - OUTPUT: ===================================================================
2026-05-19 00:55:41,432 - twister - DEBUG - OUTPUT: START - test_reinit_clears_state
2026-05-19 00:55:41,432 - twister - DEBUG - OUTPUT:  PASS - test_reinit_clears_state in 0.000 seconds
2026-05-19 00:55:41,432 - twister - DEBUG - OUTPUT: ===================================================================
2026-05-19 00:55:41,433 - twister - DEBUG - OUTPUT: START - test_fresh_state
2026-05-19 00:55:41,433 - twister - DEBUG - OUTPUT:  PASS - test_fresh_state in 0.000 seconds
2026-05-19 00:55:41,433 - twister - DEBUG - OUTPUT: ===================================================================
2026-05-19 00:55:41,433 - twister - DEBUG - OUTPUT: TESTSUITE ring_buf_init succeeded
2026-05-19 00:55:41,433 - twister - DEBUG - OUTPUT: Running TESTSUITE ring_buf_push_pop
2026-05-19 00:55:41,434 - twister - DEBUG - OUTPUT: ===================================================================
2026-05-19 00:55:41,434 - twister - DEBUG - OUTPUT: START - test_push_full_returns_enospc
2026-05-19 00:55:41,434 - twister - DEBUG - OUTPUT: [00:00:00.000,000] [1;33m<wrn> ring_buf: buffer full (capacity=4)[0m
2026-05-19 00:55:41,434 - twister - DEBUG - OUTPUT:  PASS - test_push_full_returns_enospc in 0.000 seconds
2026-05-19 00:55:41,434 - twister - DEBUG - OUTPUT: ===================================================================
2026-05-19 00:55:41,435 - twister - DEBUG - OUTPUT: START - test_single_push_pop
2026-05-19 00:55:41,435 - twister - DEBUG - OUTPUT:  PASS - test_single_push_pop in 0.000 seconds
2026-05-19 00:55:41,435 - twister - DEBUG - OUTPUT: ===================================================================
2026-05-19 00:55:41,435 - twister - DEBUG - OUTPUT: START - test_fifo_order
2026-05-19 00:55:41,435 - twister - DEBUG - OUTPUT:  PASS - test_fifo_order in 0.000 seconds
2026-05-19 00:55:41,436 - twister - DEBUG - OUTPUT: ===================================================================
2026-05-19 00:55:41,436 - twister - DEBUG - OUTPUT: START - test_push_full_returns_enospc
2026-05-19 00:55:41,436 - twister - DEBUG - OUTPUT: [00:00:00.000,000] [1;33m<wrn> ring_buf: buffer full (capacity=4)[0m
2026-05-19 00:55:41,436 - twister - DEBUG - OUTPUT:  PASS - test_push_full_returns_enospc in 0.000 seconds
2026-05-19 00:55:41,436 - twister - DEBUG - OUTPUT: ===================================================================
2026-05-19 00:55:41,437 - twister - DEBUG - OUTPUT: START - test_fifo_order
2026-05-19 00:55:41,437 - twister - DEBUG - OUTPUT:  PASS - test_fifo_order in 0.000 seconds
2026-05-19 00:55:41,437 - twister - DEBUG - OUTPUT: ===================================================================
2026-05-19 00:55:41,437 - twister - DEBUG - OUTPUT: START - test_single_push_pop
2026-05-19 00:55:41,437 - twister - DEBUG - OUTPUT:  PASS - test_single_push_pop in 0.000 seconds
2026-05-19 00:55:41,438 - twister - DEBUG - OUTPUT: ===================================================================
2026-05-19 00:55:41,438 - twister - DEBUG - OUTPUT: START - test_single_push_pop
2026-05-19 00:55:41,438 - twister - DEBUG - OUTPUT:  PASS - test_single_push_pop in 0.000 seconds
2026-05-19 00:55:41,438 - twister - DEBUG - OUTPUT: ===================================================================
2026-05-19 00:55:41,438 - twister - DEBUG - OUTPUT: START - test_push_full_returns_enospc
2026-05-19 00:55:41,439 - twister - DEBUG - OUTPUT: [00:00:00.000,000] [1;33m<wrn> ring_buf: buffer full (capacity=4)[0m
2026-05-19 00:55:41,439 - twister - DEBUG - OUTPUT:  PASS - test_push_full_returns_enospc in 0.000 seconds
2026-05-19 00:55:41,439 - twister - DEBUG - OUTPUT: ===================================================================
2026-05-19 00:55:41,439 - twister - DEBUG - OUTPUT: START - test_fifo_order
2026-05-19 00:55:41,439 - twister - DEBUG - OUTPUT:  PASS - test_fifo_order in 0.000 seconds
2026-05-19 00:55:41,440 - twister - DEBUG - OUTPUT: ===================================================================
2026-05-19 00:55:41,440 - twister - DEBUG - OUTPUT: TESTSUITE ring_buf_push_pop succeeded
2026-05-19 00:55:41,440 - twister - DEBUG - OUTPUT: Running TESTSUITE ring_buf_push_pop
2026-05-19 00:55:41,440 - twister - DEBUG - OUTPUT: ===================================================================
2026-05-19 00:55:41,440 - twister - DEBUG - OUTPUT: START - test_push_full_returns_enospc
2026-05-19 00:55:41,441 - twister - DEBUG - OUTPUT: [00:00:00.000,000] [1;33m<wrn> ring_buf: buffer full (capacity=4)[0m
2026-05-19 00:55:41,441 - twister - DEBUG - OUTPUT:  PASS - test_push_full_returns_enospc in 0.000 seconds
2026-05-19 00:55:41,441 - twister - DEBUG - OUTPUT: ===================================================================
2026-05-19 00:55:41,441 - twister - DEBUG - OUTPUT: START - test_single_push_pop
2026-05-19 00:55:41,441 - twister - DEBUG - OUTPUT:  PASS - test_single_push_pop in 0.000 seconds
2026-05-19 00:55:41,441 - twister - DEBUG - OUTPUT: ===================================================================
2026-05-19 00:55:41,442 - twister - DEBUG - OUTPUT: START - test_fifo_order
2026-05-19 00:55:41,442 - twister - DEBUG - OUTPUT:  PASS - test_fifo_order in 0.000 seconds
2026-05-19 00:55:41,442 - twister - DEBUG - OUTPUT: ===================================================================
2026-05-19 00:55:41,442 - twister - DEBUG - OUTPUT: START - test_fifo_order
2026-05-19 00:55:41,442 - twister - DEBUG - OUTPUT:  PASS - test_fifo_order in 0.000 seconds
2026-05-19 00:55:41,443 - twister - DEBUG - OUTPUT: ===================================================================
2026-05-19 00:55:41,443 - twister - DEBUG - OUTPUT: START - test_push_full_returns_enospc
2026-05-19 00:55:41,443 - twister - DEBUG - OUTPUT: [00:00:00.000,000] [1;33m<wrn> ring_buf: buffer full (capacity=4)[0m
2026-05-19 00:55:41,443 - twister - DEBUG - OUTPUT:  PASS - test_push_full_returns_enospc in 0.000 seconds
2026-05-19 00:55:41,443 - twister - DEBUG - OUTPUT: ===================================================================
2026-05-19 00:55:41,444 - twister - DEBUG - OUTPUT: START - test_single_push_pop
2026-05-19 00:55:41,444 - twister - DEBUG - OUTPUT:  PASS - test_single_push_pop in 0.000 seconds
2026-05-19 00:55:41,444 - twister - DEBUG - OUTPUT: ===================================================================
2026-05-19 00:55:41,444 - twister - DEBUG - OUTPUT: START - test_fifo_order
2026-05-19 00:55:41,444 - twister - DEBUG - OUTPUT:  PASS - test_fifo_order in 0.000 seconds
2026-05-19 00:55:41,444 - twister - DEBUG - OUTPUT: ===================================================================
2026-05-19 00:55:41,444 - twister - DEBUG - OUTPUT: START - test_push_full_returns_enospc
2026-05-19 00:55:41,445 - twister - DEBUG - OUTPUT: [00:00:00.000,000] [1;33m<wrn> ring_buf: buffer full (capacity=4)[0m
2026-05-19 00:55:41,445 - twister - DEBUG - OUTPUT:  PASS - test_push_full_returns_enospc in 0.000 seconds
2026-05-19 00:55:41,445 - twister - DEBUG - OUTPUT: ===================================================================
2026-05-19 00:55:41,445 - twister - DEBUG - OUTPUT: START - test_single_push_pop
2026-05-19 00:55:41,446 - twister - DEBUG - OUTPUT:  PASS - test_single_push_pop in 0.000 seconds
2026-05-19 00:55:41,446 - twister - DEBUG - OUTPUT: ===================================================================
2026-05-19 00:55:41,446 - twister - DEBUG - OUTPUT: TESTSUITE ring_buf_push_pop succeeded
2026-05-19 00:55:41,446 - twister - DEBUG - OUTPUT: Running TESTSUITE ring_buf_push_pop
2026-05-19 00:55:41,446 - twister - DEBUG - OUTPUT: ===================================================================
2026-05-19 00:55:41,446 - twister - DEBUG - OUTPUT: START - test_single_push_pop
2026-05-19 00:55:41,447 - twister - DEBUG - OUTPUT:  PASS - test_single_push_pop in 0.000 seconds
2026-05-19 00:55:41,447 - twister - DEBUG - OUTPUT: ===================================================================
2026-05-19 00:55:41,447 - twister - DEBUG - OUTPUT: START - test_fifo_order
2026-05-19 00:55:41,447 - twister - DEBUG - OUTPUT:  PASS - test_fifo_order in 0.000 seconds
2026-05-19 00:55:41,447 - twister - DEBUG - OUTPUT: ===================================================================
2026-05-19 00:55:41,448 - twister - DEBUG - OUTPUT: START - test_push_full_returns_enospc
2026-05-19 00:55:41,448 - twister - DEBUG - OUTPUT: [00:00:00.000,000] [1;33m<wrn> ring_buf: buffer full (capacity=4)[0m
2026-05-19 00:55:41,448 - twister - DEBUG - OUTPUT:  PASS - test_push_full_returns_enospc in 0.000 seconds
2026-05-19 00:55:41,448 - twister - DEBUG - OUTPUT: ===================================================================
2026-05-19 00:55:41,448 - twister - DEBUG - OUTPUT: START - test_single_push_pop
2026-05-19 00:55:41,449 - twister - DEBUG - OUTPUT:  PASS - test_single_push_pop in 0.000 seconds
2026-05-19 00:55:41,449 - twister - DEBUG - OUTPUT: ===================================================================
2026-05-19 00:55:41,449 - twister - DEBUG - OUTPUT: START - test_push_full_returns_enospc
2026-05-19 00:55:41,449 - twister - DEBUG - OUTPUT: [00:00:00.000,000] [1;33m<wrn> ring_buf: buffer full (capacity=4)[0m
2026-05-19 00:55:41,449 - twister - DEBUG - OUTPUT:  PASS - test_push_full_returns_enospc in 0.000 seconds
2026-05-19 00:55:41,449 - twister - DEBUG - OUTPUT: ===================================================================
2026-05-19 00:55:41,450 - twister - DEBUG - OUTPUT: START - test_fifo_order
2026-05-19 00:55:41,450 - twister - DEBUG - OUTPUT:  PASS - test_fifo_order in 0.000 seconds
2026-05-19 00:55:41,450 - twister - DEBUG - OUTPUT: ===================================================================
2026-05-19 00:55:41,450 - twister - DEBUG - OUTPUT: START - test_single_push_pop
2026-05-19 00:55:41,450 - twister - DEBUG - OUTPUT:  PASS - test_single_push_pop in 0.000 seconds
2026-05-19 00:55:41,451 - twister - DEBUG - OUTPUT: ===================================================================
2026-05-19 00:55:41,451 - twister - DEBUG - OUTPUT: START - test_push_full_returns_enospc
2026-05-19 00:55:41,451 - twister - DEBUG - OUTPUT: [00:00:00.000,000] [1;33m<wrn> ring_buf: buffer full (capacity=4)[0m
2026-05-19 00:55:41,451 - twister - DEBUG - OUTPUT:  PASS - test_push_full_returns_enospc in 0.000 seconds
2026-05-19 00:55:41,451 - twister - DEBUG - OUTPUT: ===================================================================
2026-05-19 00:55:41,452 - twister - DEBUG - OUTPUT: START - test_fifo_order
2026-05-19 00:55:41,452 - twister - DEBUG - OUTPUT:  PASS - test_fifo_order in 0.000 seconds
2026-05-19 00:55:41,452 - twister - DEBUG - OUTPUT: ===================================================================
2026-05-19 00:55:41,452 - twister - DEBUG - OUTPUT: TESTSUITE ring_buf_push_pop succeeded
2026-05-19 00:55:41,452 - twister - DEBUG - OUTPUT: 
2026-05-19 00:55:41,453 - twister - DEBUG - OUTPUT: ------ TESTSUITE SUMMARY START ------
2026-05-19 00:55:41,453 - twister - DEBUG - OUTPUT: 
2026-05-19 00:55:41,453 - twister - DEBUG - OUTPUT: SUITE PASS - 100.00% [ring_buf_boundaries]: pass = 3, fail = 0, skip = 0, total = 3 duration = 0.000 seconds
2026-05-19 00:55:41,453 - twister - DEBUG - OUTPUT:  - PASS - [ring_buf_boundaries.test_is_full_after_fill] duration = 0.000 seconds
2026-05-19 00:55:41,453 - twister - DEBUG - OUTPUT:  - PASS - [ring_buf_boundaries.test_peek_does_not_consume] duration = 0.000 seconds
2026-05-19 00:55:41,454 - twister - DEBUG - OUTPUT:  - PASS - [ring_buf_boundaries.test_pop_null_returns_einval] duration = 0.000 seconds
2026-05-19 00:55:41,454 - twister - DEBUG - OUTPUT: 
2026-05-19 00:55:41,454 - twister - DEBUG - OUTPUT: SUITE PASS - 100.00% [ring_buf_init]: pass = 2, fail = 0, skip = 0, total = 2 duration = 0.000 seconds
2026-05-19 00:55:41,454 - twister - DEBUG - OUTPUT:  - PASS - [ring_buf_init.test_fresh_state] duration = 0.000 seconds
2026-05-19 00:55:41,454 - twister - DEBUG - OUTPUT:  - PASS - [ring_buf_init.test_reinit_clears_state] duration = 0.000 seconds
2026-05-19 00:55:41,455 - twister - DEBUG - OUTPUT: 
2026-05-19 00:55:41,455 - twister - DEBUG - OUTPUT: SUITE PASS - 100.00% [ring_buf_push_pop]: pass = 3, fail = 0, skip = 0, total = 3 duration = 0.000 seconds
2026-05-19 00:55:41,455 - twister - DEBUG - OUTPUT:  - PASS - [ring_buf_push_pop.test_fifo_order] duration = 0.000 seconds
2026-05-19 00:55:41,455 - twister - DEBUG - OUTPUT:  - PASS - [ring_buf_push_pop.test_push_full_returns_enospc] duration = 0.000 seconds
2026-05-19 00:55:41,455 - twister - DEBUG - OUTPUT:  - PASS - [ring_buf_push_pop.test_single_push_pop] duration = 0.000 seconds
2026-05-19 00:55:41,456 - twister - DEBUG - OUTPUT: 
2026-05-19 00:55:41,456 - twister - DEBUG - OUTPUT: ------ TESTSUITE SUMMARY END ------
2026-05-19 00:55:41,456 - twister - DEBUG - OUTPUT: 
2026-05-19 00:55:41,456 - twister - DEBUG - OUTPUT: ===================================================================
2026-05-19 00:55:41,456 - twister - DEBUG - OUTPUT: RunID: 9f9ffa52546b9e7646e53f9d05413264
2026-05-19 00:55:41,457 - twister - DEBUG - OUTPUT: PROJECT EXECUTION SUCCESSFUL
2026-05-19 00:55:41,461 - twister - DEBUG - Expected suite names:['ring_buf_init', 'ring_buf_push_pop', 'ring_buf_boundaries']
2026-05-19 00:55:41,461 - twister - DEBUG - Detected suite names:['ring_buf_boundaries', 'ring_buf_init', 'ring_buf_push_pop']
2026-05-19 00:55:41,461 - twister - DEBUG - run status: native_sim/native/host/homework.unit.ring_buf passed
2026-05-19 00:55:41,462 - twister - DEBUG - Run coverage for 'native_sim/native/host/homework.unit.ring_buf'
2026-05-19 00:55:41,555 - twister - DEBUG - Select gcovr as the coverage tool...
2026-05-19 00:55:41,555 - twister - DEBUG - Using gcov tool: gcov
2026-05-19 00:55:41,583 - twister - DEBUG - Working on /home/julian/z_wksp/zephyr-course/twister-out/native_sim_native/host/homework.unit.ring_buf/handler.log
2026-05-19 00:55:41,583 - twister - DEBUG - Generating 0 gcda files
2026-05-19 00:55:41,583 - twister - DEBUG - Gcov data captured: /home/julian/z_wksp/zephyr-course/twister-out/native_sim_native/host/homework.unit.ring_buf/handler.log
2026-05-19 00:55:41,589 - twister - INFO - 1 test scenarios (1 configurations) selected, 0 configurations filtered (0 by static filter, 0 at runtime).
2026-05-19 00:55:41,590 - twister - INFO - [32m1 of 1[39m executed test configurations passed (100.00%), 0 built (not run), 0 failed, 0 errored, with no warnings in 18.78 seconds.
2026-05-19 00:55:41,590 - twister - INFO - 8 of 8 executed test cases passed (100.00%) on 1 out of total 1115 platforms (0.09%).
2026-05-19 00:55:41,590 - twister - INFO - [32m1[39m test configurations executed on platforms, [36m0[39m test configurations were only built.
2026-05-19 00:55:41,660 - twister - DEBUG - Select gcovr as the coverage tool...
2026-05-19 00:55:41,660 - twister - DEBUG - Using gcov tool: gcov
2026-05-19 00:55:41,660 - twister - DEBUG - Running: gcovr -r /home/julian/z_wksp/zephyr-course/app/modules/ring_buf --gcov-ignore-parse-errors=negative_hits.warn_once_per_file --gcov-executable gcov -e tests/* -e .*generated.* -e .*/tests/.* -e .*/samples/.* --exclude-branches-by-pattern (^\s*LOG_(?:HEXDUMP_)?(?:DBG|INF|WRN|ERR)\(.*)|(^\s*__ASSERT(?:_EVAL|_NO_MSG|_POST_ACTION)?\(.*) -v --merge-mode-functions=separate --json -o /home/julian/z_wksp/zephyr-course/twister-out/coverage.json /home/julian/z_wksp/zephyr-course/twister-out
2026-05-19 00:55:42,588 - twister - DEBUG - Running: gcovr -r /home/julian/z_wksp/zephyr-course/app/modules/ring_buf -v --merge-mode-functions=separate --gcov-executable gcov -f tests/ztest -e tests/ztest/test/* --json -o /home/julian/z_wksp/zephyr-course/twister-out/ztest.json /home/julian/z_wksp/zephyr-course/twister-out
2026-05-19 00:55:43,527 - twister - DEBUG - Coverage collected 2 reports from: /home/julian/z_wksp/zephyr-course/twister-out
2026-05-19 00:55:43,527 - twister - DEBUG - Running: gcovr -r /home/julian/z_wksp/zephyr-course/app/modules/ring_buf -v --merge-mode-functions=separate --html /home/julian/z_wksp/zephyr-course/twister-out/coverage/index.html --html-details --add-tracefile /home/julian/z_wksp/zephyr-course/twister-out/coverage.json --add-tracefile /home/julian/z_wksp/zephyr-course/twister-out/ztest.json --json-summary-pretty --json-summary /home/julian/z_wksp/zephyr-course/twister-out/coverage_summary.json
2026-05-19 00:55:43,808 - twister - INFO - HTML report generated: /home/julian/z_wksp/zephyr-course/twister-out/coverage/index.html
2026-05-19 00:55:43,808 - twister - DEBUG - All coverage data processed: True
2026-05-19 00:55:43,808 - twister - INFO - Saving reports...
2026-05-19 00:55:43,808 - twister - INFO - Writing JSON report /home/julian/z_wksp/zephyr-course/twister-out/twister.json
2026-05-19 00:55:43,809 - twister - INFO - Writing xunit report /home/julian/z_wksp/zephyr-course/twister-out/twister.xml...
2026-05-19 00:55:43,810 - twister - INFO - Writing xunit report /home/julian/z_wksp/zephyr-course/twister-out/twister_report.xml...
2026-05-19 00:55:43,810 - twister - INFO - Run completed
